"" 

Fri Dec 30 2022 04:23:36:440 GMT+0300 (RTZ 2 (зима)) -- Binary semantic version is v8.8.4
Fri Dec 30 2022 04:23:36:440 GMT+0300 (RTZ 2 (зима)) -- Setting output as extra verbose with request parsing
Fri Dec 30 2022 04:23:38:60 GMT+0300 (RTZ 2 (зима)) -- Connecting to BrowserStack using WebSocket protocol...
Fri Dec 30 2022 04:23:38:60 GMT+0300 (RTZ 2 (зима)) -- Platform supports WebSocket connections.

Fri Dec 30 2022 04:23:38:84 GMT+0300 (RTZ 2 (зима)) -- [SUCCESS] You can now access your local server(s) in our remote browser

Fri Dec 30 2022 04:23:38:160 GMT+0300 (RTZ 2 (зима)) -- Press Ctrl-C to exit


Fri Dec 30 2022 04:23:38:906 GMT+0300 (RTZ 2 (зима)) -- Starting configuration console on http://localhost:45454

Fri Dec 30 2022 04:26:49:15 GMT+0300 (RTZ 2 (зима)) -- Binary semantic version is v8.8.4
Fri Dec 30 2022 04:26:49:15 GMT+0300 (RTZ 2 (зима)) -- Setting output as extra verbose with request parsing
Fri Dec 30 2022 04:26:49:448 GMT+0300 (RTZ 2 (зима)) -- [WARNING] Skipping initialisation of configuration console because: port already in use by another Binary
Fri Dec 30 2022 04:26:50:416 GMT+0300 (RTZ 2 (зима)) -- [SUCCESS] You can now access your local server(s) in our remote browser

Fri Dec 30 2022 04:26:50:605 GMT+0300 (RTZ 2 (зима)) -- Connecting to BrowserStack using WebSocket protocol...
Fri Dec 30 2022 04:26:50:605 GMT+0300 (RTZ 2 (зима)) -- Platform supports WebSocket connections.

Fri Dec 30 2022 04:26:50:709 GMT+0300 (RTZ 2 (зима)) -- Press Ctrl-C to exit



Fri Dec 30 2022 04:29:30:905 GMT+0300 (RTZ 2 (зима)) -- Binary semantic version is v8.8.4
Fri Dec 30 2022 04:29:30:905 GMT+0300 (RTZ 2 (зима)) -- Setting output as extra verbose with request parsing
Fri Dec 30 2022 04:29:31:504 GMT+0300 (RTZ 2 (зима)) -- [WARNING] Skipping initialisation of configuration console because: port already in use by another Binary
Fri Dec 30 2022 04:29:32:346 GMT+0300 (RTZ 2 (зима)) -- Connecting to BrowserStack using WebSocket protocol...
Fri Dec 30 2022 04:29:32:347 GMT+0300 (RTZ 2 (зима)) -- Platform supports WebSocket connections.

Fri Dec 30 2022 04:29:32:365 GMT+0300 (RTZ 2 (зима)) -- [SUCCESS] You can now access your local server(s) in our remote browser

Fri Dec 30 2022 04:29:32:458 GMT+0300 (RTZ 2 (зима)) -- Press Ctrl-C to exit



Fri Dec 30 2022 04:53:55:919 GMT+0300 (RTZ 2 (зима)) -- Binary semantic version is v8.8.4
Fri Dec 30 2022 04:53:55:919 GMT+0300 (RTZ 2 (зима)) -- Setting output as extra verbose with request parsing
Fri Dec 30 2022 04:53:56:481 GMT+0300 (RTZ 2 (зима)) -- [WARNING] Skipping initialisation of configuration console because: port already in use by another Binary
Fri Dec 30 2022 04:53:57:440 GMT+0300 (RTZ 2 (зима)) -- [SUCCESS] You can now access your local server(s) in our remote browser

Fri Dec 30 2022 04:53:57:667 GMT+0300 (RTZ 2 (зима)) -- Connecting to BrowserStack using WebSocket protocol...
Fri Dec 30 2022 04:53:57:667 GMT+0300 (RTZ 2 (зима)) -- Platform supports WebSocket connections.

Fri Dec 30 2022 04:53:57:780 GMT+0300 (RTZ 2 (зима)) -- Press Ctrl-C to exit


Fri Dec 30 2022 04:54:22:290 GMT+0300 (RTZ 2 (зима)) -- Request to: writer.21vek.finance:443
Fri Dec 30 2022 04:54:22:290 GMT+0300 (RTZ 2 (зима)) -- Connecting to: writer.21vek.finance:443
Fri Dec 30 2022 04:54:22:304 GMT+0300 (RTZ 2 (зима)) -- Connected to: 178.172.250.181
Fri Dec 30 2022 04:54:22:380 GMT+0300 (RTZ 2 (зима)) -- Writing response from: writer.21vek.finance:443
Fri Dec 30 2022 04:54:22:381 GMT+0300 (RTZ 2 (зима)) -- Writing response from: writer.21vek.finance:443
Fri Dec 30 2022 04:54:22:382 GMT+0300 (RTZ 2 (зима)) -- Writing response from: writer.21vek.finance:443
Fri Dec 30 2022 04:54:22:461 GMT+0300 (RTZ 2 (зима)) -- Writing response from: writer.21vek.finance:443
Fri Dec 30 2022 04:54:22:464 GMT+0300 (RTZ 2 (зима)) -- Writing response from: writer.21vek.finance:443
Fri Dec 30 2022 04:54:22:466 GMT+0300 (RTZ 2 (зима)) -- Writing response from: writer.21vek.finance:443
Fri Dec 30 2022 04:54:22:482 GMT+0300 (RTZ 2 (зима)) -- Writing response from: writer.21vek.finance:443
Fri Dec 30 2022 04:54:22:499 GMT+0300 (RTZ 2 (зима)) -- Writing response from: writer.21vek.finance:443
Fri Dec 30 2022 04:54:22:699 GMT+0300 (RTZ 2 (зима)) -- Writing response from: writer.21vek.finance:443
Fri Dec 30 2022 04:54:22:825 GMT+0300 (RTZ 2 (зима)) -- Writing response from: writer.21vek.finance:443
Fri Dec 30 2022 04:54:22:958 GMT+0300 (RTZ 2 (зима)) -- Writing response from: writer.21vek.finance:443
Fri Dec 30 2022 04:54:22:958 GMT+0300 (RTZ 2 (зима)) -- Writing response from: writer.21vek.finance:443
Fri Dec 30 2022 04:54:23:110 GMT+0300 (RTZ 2 (зима)) -- Request to: writer.21vek.finance:443
Fri Dec 30 2022 04:54:23:111 GMT+0300 (RTZ 2 (зима)) -- Connecting to: writer.21vek.finance:443
Fri Dec 30 2022 04:54:23:113 GMT+0300 (RTZ 2 (зима)) -- Request to: writer.21vek.finance:443
Fri Dec 30 2022 04:54:23:114 GMT+0300 (RTZ 2 (зима)) -- Connecting to: writer.21vek.finance:443
Fri Dec 30 2022 04:54:23:117 GMT+0300 (RTZ 2 (зима)) -- Request to: writer.21vek.finance:443
Fri Dec 30 2022 04:54:23:117 GMT+0300 (RTZ 2 (зима)) -- Connecting to: writer.21vek.finance:443
Fri Dec 30 2022 04:54:23:118 GMT+0300 (RTZ 2 (зима)) -- Connected to: 178.172.250.181
Fri Dec 30 2022 04:54:23:119 GMT+0300 (RTZ 2 (зима)) -- Connected to: 178.172.250.181
Fri Dec 30 2022 04:54:23:124 GMT+0300 (RTZ 2 (зима)) -- Connected to: 178.172.250.181
Fri Dec 30 2022 04:54:23:145 GMT+0300 (RTZ 2 (зима)) -- Request to: writer.21vek.finance:443
Fri Dec 30 2022 04:54:23:145 GMT+0300 (RTZ 2 (зима)) -- Connecting to: writer.21vek.finance:443
Fri Dec 30 2022 04:54:23:150 GMT+0300 (RTZ 2 (зима)) -- Connected to: 178.172.250.181
Fri Dec 30 2022 04:54:23:224 GMT+0300 (RTZ 2 (зима)) -- Request to: writer.21vek.finance:443
Fri Dec 30 2022 04:54:23:224 GMT+0300 (RTZ 2 (зима)) -- Connecting to: writer.21vek.finance:443
Fri Dec 30 2022 04:54:23:225 GMT+0300 (RTZ 2 (зима)) -- Writing response from: writer.21vek.finance:443
Fri Dec 30 2022 04:54:23:229 GMT+0300 (RTZ 2 (зима)) -- Connected to: 178.172.250.181
Fri Dec 30 2022 04:54:23:268 GMT+0300 (RTZ 2 (зима)) -- Writing response from: writer.21vek.finance:443
Fri Dec 30 2022 04:54:23:302 GMT+0300 (RTZ 2 (зима)) -- Writing response from: writer.21vek.finance:443
Fri Dec 30 2022 04:54:23:303 GMT+0300 (RTZ 2 (зима)) -- Writing response from: writer.21vek.finance:443
Fri Dec 30 2022 04:54:23:304 GMT+0300 (RTZ 2 (зима)) -- Writing response from: writer.21vek.finance:443
Fri Dec 30 2022 04:54:23:325 GMT+0300 (RTZ 2 (зима)) -- Writing response from: writer.21vek.finance:443
Fri Dec 30 2022 04:54:23:341 GMT+0300 (RTZ 2 (зима)) -- Writing response from: writer.21vek.finance:443
Fri Dec 30 2022 04:54:23:341 GMT+0300 (RTZ 2 (зима)) -- Writing response from: writer.21vek.finance:443
Fri Dec 30 2022 04:54:23:342 GMT+0300 (RTZ 2 (зима)) -- Writing response from: writer.21vek.finance:443
Fri Dec 30 2022 04:54:23:343 GMT+0300 (RTZ 2 (зима)) -- Writing response from: writer.21vek.finance:443
Fri Dec 30 2022 04:54:23:347 GMT+0300 (RTZ 2 (зима)) -- Writing response from: writer.21vek.finance:443
Fri Dec 30 2022 04:54:23:347 GMT+0300 (RTZ 2 (зима)) -- Writing response from: writer.21vek.finance:443
Fri Dec 30 2022 04:54:23:348 GMT+0300 (RTZ 2 (зима)) -- Writing response from: writer.21vek.finance:443
Fri Dec 30 2022 04:54:23:376 GMT+0300 (RTZ 2 (зима)) -- Writing response from: writer.21vek.finance:443
Fri Dec 30 2022 04:54:23:376 GMT+0300 (RTZ 2 (зима)) -- Writing response from: writer.21vek.finance:443
Fri Dec 30 2022 04:54:23:377 GMT+0300 (RTZ 2 (зима)) -- Writing response from: writer.21vek.finance:443
Fri Dec 30 2022 04:54:23:379 GMT+0300 (RTZ 2 (зима)) -- Writing response from: writer.21vek.finance:443
Fri Dec 30 2022 04:54:23:379 GMT+0300 (RTZ 2 (зима)) -- Writing response from: writer.21vek.finance:443
Fri Dec 30 2022 04:54:23:380 GMT+0300 (RTZ 2 (зима)) -- Writing response from: writer.21vek.finance:443
Fri Dec 30 2022 04:54:23:382 GMT+0300 (RTZ 2 (зима)) -- Writing response from: writer.21vek.finance:443
Fri Dec 30 2022 04:54:23:385 GMT+0300 (RTZ 2 (зима)) -- Writing response from: writer.21vek.finance:443
Fri Dec 30 2022 04:54:23:386 GMT+0300 (RTZ 2 (зима)) -- Writing response from: writer.21vek.finance:443
Fri Dec 30 2022 04:54:23:389 GMT+0300 (RTZ 2 (зима)) -- Writing response from: writer.21vek.finance:443
Fri Dec 30 2022 04:54:23:390 GMT+0300 (RTZ 2 (зима)) -- Writing response from: writer.21vek.finance:443
Fri Dec 30 2022 04:54:23:391 GMT+0300 (RTZ 2 (зима)) -- Writing response from: writer.21vek.finance:443
Fri Dec 30 2022 04:54:23:392 GMT+0300 (RTZ 2 (зима)) -- Writing response from: writer.21vek.finance:443
Fri Dec 30 2022 04:54:23:393 GMT+0300 (RTZ 2 (зима)) -- Writing response from: writer.21vek.finance:443
Fri Dec 30 2022 04:54:23:393 GMT+0300 (RTZ 2 (зима)) -- Writing response from: writer.21vek.finance:443
Fri Dec 30 2022 04:54:23:396 GMT+0300 (RTZ 2 (зима)) -- Writing response from: writer.21vek.finance:443
Fri Dec 30 2022 04:54:23:396 GMT+0300 (RTZ 2 (зима)) -- Writing response from: writer.21vek.finance:443
Fri Dec 30 2022 04:54:23:399 GMT+0300 (RTZ 2 (зима)) -- Writing response from: writer.21vek.finance:443
Fri Dec 30 2022 04:54:23:399 GMT+0300 (RTZ 2 (зима)) -- Writing response from: writer.21vek.finance:443
Fri Dec 30 2022 04:54:23:401 GMT+0300 (RTZ 2 (зима)) -- Writing response from: writer.21vek.finance:443
Fri Dec 30 2022 04:54:23:403 GMT+0300 (RTZ 2 (зима)) -- Writing response from: writer.21vek.finance:443
Fri Dec 30 2022 04:54:23:405 GMT+0300 (RTZ 2 (зима)) -- Writing response from: writer.21vek.finance:443
Fri Dec 30 2022 04:54:23:408 GMT+0300 (RTZ 2 (зима)) -- Writing response from: writer.21vek.finance:443
Fri Dec 30 2022 04:54:23:409 GMT+0300 (RTZ 2 (зима)) -- Writing response from: writer.21vek.finance:443
Fri Dec 30 2022 04:54:23:412 GMT+0300 (RTZ 2 (зима)) -- Writing response from: writer.21vek.finance:443
Fri Dec 30 2022 04:54:23:415 GMT+0300 (RTZ 2 (зима)) -- Writing response from: writer.21vek.finance:443
Fri Dec 30 2022 04:54:23:419 GMT+0300 (RTZ 2 (зима)) -- Writing response from: writer.21vek.finance:443
Fri Dec 30 2022 04:54:23:419 GMT+0300 (RTZ 2 (зима)) -- Writing response from: writer.21vek.finance:443
Fri Dec 30 2022 04:54:23:420 GMT+0300 (RTZ 2 (зима)) -- Writing response from: writer.21vek.finance:443
Fri Dec 30 2022 04:54:23:420 GMT+0300 (RTZ 2 (зима)) -- Writing response from: writer.21vek.finance:443
Fri Dec 30 2022 04:54:23:421 GMT+0300 (RTZ 2 (зима)) -- Writing response from: writer.21vek.finance:443
Fri Dec 30 2022 04:54:23:421 GMT+0300 (RTZ 2 (зима)) -- Writing response from: writer.21vek.finance:443
Fri Dec 30 2022 04:54:23:424 GMT+0300 (RTZ 2 (зима)) -- Writing response from: writer.21vek.finance:443
Fri Dec 30 2022 04:54:23:427 GMT+0300 (RTZ 2 (зима)) -- Writing response from: writer.21vek.finance:443
Fri Dec 30 2022 04:54:23:428 GMT+0300 (RTZ 2 (зима)) -- Writing response from: writer.21vek.finance:443
Fri Dec 30 2022 04:54:23:429 GMT+0300 (RTZ 2 (зима)) -- Writing response from: writer.21vek.finance:443
Fri Dec 30 2022 04:54:23:433 GMT+0300 (RTZ 2 (зима)) -- Writing response from: writer.21vek.finance:443
Fri Dec 30 2022 04:54:23:435 GMT+0300 (RTZ 2 (зима)) -- Writing response from: writer.21vek.finance:443
Fri Dec 30 2022 04:54:23:436 GMT+0300 (RTZ 2 (зима)) -- Writing response from: writer.21vek.finance:443
Fri Dec 30 2022 04:54:23:438 GMT+0300 (RTZ 2 (зима)) -- Writing response from: writer.21vek.finance:443
Fri Dec 30 2022 04:54:23:440 GMT+0300 (RTZ 2 (зима)) -- Writing response from: writer.21vek.finance:443
Fri Dec 30 2022 04:54:23:445 GMT+0300 (RTZ 2 (зима)) -- Writing response from: writer.21vek.finance:443
Fri Dec 30 2022 04:54:23:447 GMT+0300 (RTZ 2 (зима)) -- Writing response from: writer.21vek.finance:443
Fri Dec 30 2022 04:54:23:455 GMT+0300 (RTZ 2 (зима)) -- Writing response from: writer.21vek.finance:443
Fri Dec 30 2022 04:54:23:466 GMT+0300 (RTZ 2 (зима)) -- Writing response from: writer.21vek.finance:443
Fri Dec 30 2022 04:54:23:469 GMT+0300 (RTZ 2 (зима)) -- Writing response from: writer.21vek.finance:443
Fri Dec 30 2022 04:54:23:472 GMT+0300 (RTZ 2 (зима)) -- Writing response from: writer.21vek.finance:443
Fri Dec 30 2022 04:54:23:473 GMT+0300 (RTZ 2 (зима)) -- Writing response from: writer.21vek.finance:443
Fri Dec 30 2022 04:54:23:477 GMT+0300 (RTZ 2 (зима)) -- Writing response from: writer.21vek.finance:443
Fri Dec 30 2022 04:54:23:481 GMT+0300 (RTZ 2 (зима)) -- Writing response from: writer.21vek.finance:443
Fri Dec 30 2022 04:54:23:482 GMT+0300 (RTZ 2 (зима)) -- Writing response from: writer.21vek.finance:443
Fri Dec 30 2022 04:54:23:488 GMT+0300 (RTZ 2 (зима)) -- Writing response from: writer.21vek.finance:443
Fri Dec 30 2022 04:54:23:490 GMT+0300 (RTZ 2 (зима)) -- Writing response from: writer.21vek.finance:443
Fri Dec 30 2022 04:54:23:492 GMT+0300 (RTZ 2 (зима)) -- Writing response from: writer.21vek.finance:443
Fri Dec 30 2022 04:54:23:494 GMT+0300 (RTZ 2 (зима)) -- Writing response from: writer.21vek.finance:443
Fri Dec 30 2022 04:54:23:501 GMT+0300 (RTZ 2 (зима)) -- Writing response from: writer.21vek.finance:443
Fri Dec 30 2022 04:54:23:502 GMT+0300 (RTZ 2 (зима)) -- Writing response from: writer.21vek.finance:443
Fri Dec 30 2022 04:54:23:503 GMT+0300 (RTZ 2 (зима)) -- Writing response from: writer.21vek.finance:443
Fri Dec 30 2022 04:54:23:503 GMT+0300 (RTZ 2 (зима)) -- Writing response from: writer.21vek.finance:443
Fri Dec 30 2022 04:54:23:504 GMT+0300 (RTZ 2 (зима)) -- Writing response from: writer.21vek.finance:443
Fri Dec 30 2022 04:54:23:507 GMT+0300 (RTZ 2 (зима)) -- Writing response from: writer.21vek.finance:443
Fri Dec 30 2022 04:54:23:514 GMT+0300 (RTZ 2 (зима)) -- Writing response from: writer.21vek.finance:443
Fri Dec 30 2022 04:54:23:515 GMT+0300 (RTZ 2 (зима)) -- Writing response from: writer.21vek.finance:443
Fri Dec 30 2022 04:54:23:517 GMT+0300 (RTZ 2 (зима)) -- Writing response from: writer.21vek.finance:443
Fri Dec 30 2022 04:54:23:517 GMT+0300 (RTZ 2 (зима)) -- Writing response from: writer.21vek.finance:443
Fri Dec 30 2022 04:54:23:520 GMT+0300 (RTZ 2 (зима)) -- Writing response from: writer.21vek.finance:443
Fri Dec 30 2022 04:54:23:520 GMT+0300 (RTZ 2 (зима)) -- Writing response from: writer.21vek.finance:443
Fri Dec 30 2022 04:54:23:521 GMT+0300 (RTZ 2 (зима)) -- Writing response from: writer.21vek.finance:443
Fri Dec 30 2022 04:54:23:522 GMT+0300 (RTZ 2 (зима)) -- Writing response from: writer.21vek.finance:443
Fri Dec 30 2022 04:54:23:528 GMT+0300 (RTZ 2 (зима)) -- Writing response from: writer.21vek.finance:443
Fri Dec 30 2022 04:54:23:531 GMT+0300 (RTZ 2 (зима)) -- Writing response from: writer.21vek.finance:443
Fri Dec 30 2022 04:54:23:536 GMT+0300 (RTZ 2 (зима)) -- Writing response from: writer.21vek.finance:443
Fri Dec 30 2022 04:54:23:537 GMT+0300 (RTZ 2 (зима)) -- Writing response from: writer.21vek.finance:443
Fri Dec 30 2022 04:54:23:541 GMT+0300 (RTZ 2 (зима)) -- Writing response from: writer.21vek.finance:443
Fri Dec 30 2022 04:54:23:543 GMT+0300 (RTZ 2 (зима)) -- Writing response from: writer.21vek.finance:443
Fri Dec 30 2022 04:54:23:544 GMT+0300 (RTZ 2 (зима)) -- Writing response from: writer.21vek.finance:443
Fri Dec 30 2022 04:54:23:546 GMT+0300 (RTZ 2 (зима)) -- Writing response from: writer.21vek.finance:443
Fri Dec 30 2022 04:54:23:567 GMT+0300 (RTZ 2 (зима)) -- Writing response from: writer.21vek.finance:443
Fri Dec 30 2022 04:54:23:572 GMT+0300 (RTZ 2 (зима)) -- Writing response from: writer.21vek.finance:443
Fri Dec 30 2022 04:54:23:593 GMT+0300 (RTZ 2 (зима)) -- Writing response from: writer.21vek.finance:443
Fri Dec 30 2022 04:54:23:601 GMT+0300 (RTZ 2 (зима)) -- Writing response from: writer.21vek.finance:443
Fri Dec 30 2022 04:54:23:611 GMT+0300 (RTZ 2 (зима)) -- Writing response from: writer.21vek.finance:443
Fri Dec 30 2022 04:54:23:616 GMT+0300 (RTZ 2 (зима)) -- Writing response from: writer.21vek.finance:443
Fri Dec 30 2022 04:54:23:617 GMT+0300 (RTZ 2 (зима)) -- Writing response from: writer.21vek.finance:443
Fri Dec 30 2022 04:54:23:631 GMT+0300 (RTZ 2 (зима)) -- Writing response from: writer.21vek.finance:443
Fri Dec 30 2022 04:54:23:631 GMT+0300 (RTZ 2 (зима)) -- Writing response from: writer.21vek.finance:443
Fri Dec 30 2022 04:54:23:637 GMT+0300 (RTZ 2 (зима)) -- Writing response from: writer.21vek.finance:443
Fri Dec 30 2022 04:54:23:638 GMT+0300 (RTZ 2 (зима)) -- Writing response from: writer.21vek.finance:443
Fri Dec 30 2022 04:54:25:31 GMT+0300 (RTZ 2 (зима)) -- Request to: writer.21vek.finance:443
Fri Dec 30 2022 04:54:25:31 GMT+0300 (RTZ 2 (зима)) -- Connecting to: writer.21vek.finance:443
Fri Dec 30 2022 04:54:25:36 GMT+0300 (RTZ 2 (зима)) -- Connected to: 178.172.250.181
Fri Dec 30 2022 04:54:25:122 GMT+0300 (RTZ 2 (зима)) -- Writing response from: writer.21vek.finance:443

Fri Dec 30 2022 04:55:57:991 GMT+0300 (RTZ 2 (зима)) -- Binary semantic version is v8.8.4
Fri Dec 30 2022 04:55:57:991 GMT+0300 (RTZ 2 (зима)) -- Setting output as extra verbose with request parsing
Fri Dec 30 2022 04:55:58:513 GMT+0300 (RTZ 2 (зима)) -- [WARNING] Skipping initialisation of configuration console because: port already in use by another Binary
Fri Dec 30 2022 04:55:59:377 GMT+0300 (RTZ 2 (зима)) -- [SUCCESS] You can now access your local server(s) in our remote browser

Fri Dec 30 2022 04:55:59:378 GMT+0300 (RTZ 2 (зима)) -- Connecting to BrowserStack using WebSocket protocol...
Fri Dec 30 2022 04:55:59:378 GMT+0300 (RTZ 2 (зима)) -- Platform supports WebSocket connections.

Fri Dec 30 2022 04:55:59:481 GMT+0300 (RTZ 2 (зима)) -- Press Ctrl-C to exit


Fri Dec 30 2022 04:56:24:456 GMT+0300 (RTZ 2 (зима)) -- Request to: writer.21vek.finance:443
Fri Dec 30 2022 04:56:24:457 GMT+0300 (RTZ 2 (зима)) -- Connecting to: writer.21vek.finance:443
Fri Dec 30 2022 04:56:24:476 GMT+0300 (RTZ 2 (зима)) -- Connected to: 178.172.250.181
Fri Dec 30 2022 04:56:24:568 GMT+0300 (RTZ 2 (зима)) -- Writing response from: writer.21vek.finance:443
Fri Dec 30 2022 04:56:24:569 GMT+0300 (RTZ 2 (зима)) -- Writing response from: writer.21vek.finance:443
Fri Dec 30 2022 04:56:24:673 GMT+0300 (RTZ 2 (зима)) -- Writing response from: writer.21vek.finance:443
Fri Dec 30 2022 04:56:24:676 GMT+0300 (RTZ 2 (зима)) -- Writing response from: writer.21vek.finance:443
Fri Dec 30 2022 04:56:24:678 GMT+0300 (RTZ 2 (зима)) -- Writing response from: writer.21vek.finance:443
Fri Dec 30 2022 04:56:24:688 GMT+0300 (RTZ 2 (зима)) -- Writing response from: writer.21vek.finance:443
Fri Dec 30 2022 04:56:24:695 GMT+0300 (RTZ 2 (зима)) -- Writing response from: writer.21vek.finance:443
Fri Dec 30 2022 04:56:24:931 GMT+0300 (RTZ 2 (зима)) -- Writing response from: writer.21vek.finance:443
Fri Dec 30 2022 04:56:24:932 GMT+0300 (RTZ 2 (зима)) -- Writing response from: writer.21vek.finance:443
Fri Dec 30 2022 04:56:25:435 GMT+0300 (RTZ 2 (зима)) -- Writing response from: writer.21vek.finance:443
Fri Dec 30 2022 04:56:25:436 GMT+0300 (RTZ 2 (зима)) -- Writing response from: writer.21vek.finance:443
Fri Dec 30 2022 04:56:25:684 GMT+0300 (RTZ 2 (зима)) -- Request to: writer.21vek.finance:443
Fri Dec 30 2022 04:56:25:684 GMT+0300 (RTZ 2 (зима)) -- Connecting to: writer.21vek.finance:443
Fri Dec 30 2022 04:56:25:689 GMT+0300 (RTZ 2 (зима)) -- Connected to: 178.172.250.181
Fri Dec 30 2022 04:56:25:727 GMT+0300 (RTZ 2 (зима)) -- Writing response from: writer.21vek.finance:443
Fri Dec 30 2022 04:56:25:728 GMT+0300 (RTZ 2 (зима)) -- Writing response from: writer.21vek.finance:443
Fri Dec 30 2022 04:56:25:771 GMT+0300 (RTZ 2 (зима)) -- Writing response from: writer.21vek.finance:443
Fri Dec 30 2022 04:56:26:191 GMT+0300 (RTZ 2 (зима)) -- Writing response from: writer.21vek.finance:443
Fri Dec 30 2022 04:56:26:191 GMT+0300 (RTZ 2 (зима)) -- Writing response from: writer.21vek.finance:443
Fri Dec 30 2022 04:56:26:191 GMT+0300 (RTZ 2 (зима)) -- Writing response from: writer.21vek.finance:443
Fri Dec 30 2022 04:56:26:502 GMT+0300 (RTZ 2 (зима)) -- Writing response from: writer.21vek.finance:443
Fri Dec 30 2022 04:56:26:503 GMT+0300 (RTZ 2 (зима)) -- Writing response from: writer.21vek.finance:443
Fri Dec 30 2022 04:56:26:509 GMT+0300 (RTZ 2 (зима)) -- Writing response from: writer.21vek.finance:443
Fri Dec 30 2022 04:56:26:577 GMT+0300 (RTZ 2 (зима)) -- Request to: writer.21vek.finance:443
Fri Dec 30 2022 04:56:26:577 GMT+0300 (RTZ 2 (зима)) -- Connecting to: writer.21vek.finance:443
Fri Dec 30 2022 04:56:26:582 GMT+0300 (RTZ 2 (зима)) -- Connected to: 178.172.250.181
Fri Dec 30 2022 04:56:26:586 GMT+0300 (RTZ 2 (зима)) -- Request to: writer.21vek.finance:443
Fri Dec 30 2022 04:56:26:586 GMT+0300 (RTZ 2 (зима)) -- Connecting to: writer.21vek.finance:443
Fri Dec 30 2022 04:56:26:591 GMT+0300 (RTZ 2 (зима)) -- Connected to: 178.172.250.181
Fri Dec 30 2022 04:56:26:612 GMT+0300 (RTZ 2 (зима)) -- Writing response from: writer.21vek.finance:443
Fri Dec 30 2022 04:56:26:672 GMT+0300 (RTZ 2 (зима)) -- Writing response from: writer.21vek.finance:443
Fri Dec 30 2022 04:56:26:674 GMT+0300 (RTZ 2 (зима)) -- Writing response from: writer.21vek.finance:443
Fri Dec 30 2022 04:56:26:674 GMT+0300 (RTZ 2 (зима)) -- Request to: writer.21vek.finance:443
Fri Dec 30 2022 04:56:26:674 GMT+0300 (RTZ 2 (зима)) -- Connecting to: writer.21vek.finance:443
Fri Dec 30 2022 04:56:26:683 GMT+0300 (RTZ 2 (зима)) -- Connected to: 178.172.250.181
Fri Dec 30 2022 04:56:26:697 GMT+0300 (RTZ 2 (зима)) -- Writing response from: writer.21vek.finance:443
Fri Dec 30 2022 04:56:26:700 GMT+0300 (RTZ 2 (зима)) -- Writing response from: writer.21vek.finance:443
Fri Dec 30 2022 04:56:26:701 GMT+0300 (RTZ 2 (зима)) -- Writing response from: writer.21vek.finance:443
Fri Dec 30 2022 04:56:26:703 GMT+0300 (RTZ 2 (зима)) -- Writing response from: writer.21vek.finance:443
Fri Dec 30 2022 04:56:26:704 GMT+0300 (RTZ 2 (зима)) -- Writing response from: writer.21vek.finance:443
Fri Dec 30 2022 04:56:26:705 GMT+0300 (RTZ 2 (зима)) -- Writing response from: writer.21vek.finance:443
Fri Dec 30 2022 04:56:26:707 GMT+0300 (RTZ 2 (зима)) -- Writing response from: writer.21vek.finance:443
Fri Dec 30 2022 04:56:26:708 GMT+0300 (RTZ 2 (зима)) -- Writing response from: writer.21vek.finance:443
Fri Dec 30 2022 04:56:26:709 GMT+0300 (RTZ 2 (зима)) -- Writing response from: writer.21vek.finance:443
Fri Dec 30 2022 04:56:26:709 GMT+0300 (RTZ 2 (зима)) -- Writing response from: writer.21vek.finance:443
Fri Dec 30 2022 04:56:26:711 GMT+0300 (RTZ 2 (зима)) -- Writing response from: writer.21vek.finance:443
Fri Dec 30 2022 04:56:26:712 GMT+0300 (RTZ 2 (зима)) -- Writing response from: writer.21vek.finance:443
Fri Dec 30 2022 04:56:26:714 GMT+0300 (RTZ 2 (зима)) -- Writing response from: writer.21vek.finance:443
Fri Dec 30 2022 04:56:26:714 GMT+0300 (RTZ 2 (зима)) -- Writing response from: writer.21vek.finance:443
Fri Dec 30 2022 04:56:26:715 GMT+0300 (RTZ 2 (зима)) -- Writing response from: writer.21vek.finance:443
Fri Dec 30 2022 04:56:26:721 GMT+0300 (RTZ 2 (зима)) -- Writing response from: writer.21vek.finance:443
Fri Dec 30 2022 04:56:26:725 GMT+0300 (RTZ 2 (зима)) -- Writing response from: writer.21vek.finance:443
Fri Dec 30 2022 04:56:26:725 GMT+0300 (RTZ 2 (зима)) -- Writing response from: writer.21vek.finance:443
Fri Dec 30 2022 04:56:26:727 GMT+0300 (RTZ 2 (зима)) -- Writing response from: writer.21vek.finance:443
Fri Dec 30 2022 04:56:26:730 GMT+0300 (RTZ 2 (зима)) -- Writing response from: writer.21vek.finance:443
Fri Dec 30 2022 04:56:26:731 GMT+0300 (RTZ 2 (зима)) -- Writing response from: writer.21vek.finance:443
Fri Dec 30 2022 04:56:26:732 GMT+0300 (RTZ 2 (зима)) -- Writing response from: writer.21vek.finance:443
Fri Dec 30 2022 04:56:26:733 GMT+0300 (RTZ 2 (зима)) -- Writing response from: writer.21vek.finance:443
Fri Dec 30 2022 04:56:26:734 GMT+0300 (RTZ 2 (зима)) -- Writing response from: writer.21vek.finance:443
Fri Dec 30 2022 04:56:26:735 GMT+0300 (RTZ 2 (зима)) -- Writing response from: writer.21vek.finance:443
Fri Dec 30 2022 04:56:26:735 GMT+0300 (RTZ 2 (зима)) -- Writing response from: writer.21vek.finance:443
Fri Dec 30 2022 04:56:26:737 GMT+0300 (RTZ 2 (зима)) -- Writing response from: writer.21vek.finance:443
Fri Dec 30 2022 04:56:26:738 GMT+0300 (RTZ 2 (зима)) -- Writing response from: writer.21vek.finance:443
Fri Dec 30 2022 04:56:26:739 GMT+0300 (RTZ 2 (зима)) -- Writing response from: writer.21vek.finance:443
Fri Dec 30 2022 04:56:26:740 GMT+0300 (RTZ 2 (зима)) -- Writing response from: writer.21vek.finance:443
Fri Dec 30 2022 04:56:26:740 GMT+0300 (RTZ 2 (зима)) -- Writing response from: writer.21vek.finance:443
Fri Dec 30 2022 04:56:26:741 GMT+0300 (RTZ 2 (зима)) -- Writing response from: writer.21vek.finance:443
Fri Dec 30 2022 04:56:26:741 GMT+0300 (RTZ 2 (зима)) -- Writing response from: writer.21vek.finance:443
Fri Dec 30 2022 04:56:26:743 GMT+0300 (RTZ 2 (зима)) -- Writing response from: writer.21vek.finance:443
Fri Dec 30 2022 04:56:26:746 GMT+0300 (RTZ 2 (зима)) -- Writing response from: writer.21vek.finance:443
Fri Dec 30 2022 04:56:26:747 GMT+0300 (RTZ 2 (зима)) -- Writing response from: writer.21vek.finance:443
Fri Dec 30 2022 04:56:26:751 GMT+0300 (RTZ 2 (зима)) -- Writing response from: writer.21vek.finance:443
Fri Dec 30 2022 04:56:26:752 GMT+0300 (RTZ 2 (зима)) -- Writing response from: writer.21vek.finance:443
Fri Dec 30 2022 04:56:26:752 GMT+0300 (RTZ 2 (зима)) -- Writing response from: writer.21vek.finance:443
Fri Dec 30 2022 04:56:26:760 GMT+0300 (RTZ 2 (зима)) -- Writing response from: writer.21vek.finance:443
Fri Dec 30 2022 04:56:26:767 GMT+0300 (RTZ 2 (зима)) -- Writing response from: writer.21vek.finance:443
Fri Dec 30 2022 04:56:26:771 GMT+0300 (RTZ 2 (зима)) -- Writing response from: writer.21vek.finance:443
Fri Dec 30 2022 04:56:26:780 GMT+0300 (RTZ 2 (зима)) -- Writing response from: writer.21vek.finance:443
Fri Dec 30 2022 04:56:26:781 GMT+0300 (RTZ 2 (зима)) -- Writing response from: writer.21vek.finance:443
Fri Dec 30 2022 04:56:26:781 GMT+0300 (RTZ 2 (зима)) -- Writing response from: writer.21vek.finance:443
Fri Dec 30 2022 04:56:26:784 GMT+0300 (RTZ 2 (зима)) -- Writing response from: writer.21vek.finance:443
Fri Dec 30 2022 04:56:26:785 GMT+0300 (RTZ 2 (зима)) -- Writing response from: writer.21vek.finance:443
Fri Dec 30 2022 04:56:26:786 GMT+0300 (RTZ 2 (зима)) -- Writing response from: writer.21vek.finance:443
Fri Dec 30 2022 04:56:26:787 GMT+0300 (RTZ 2 (зима)) -- Writing response from: writer.21vek.finance:443
Fri Dec 30 2022 04:56:26:787 GMT+0300 (RTZ 2 (зима)) -- Writing response from: writer.21vek.finance:443
Fri Dec 30 2022 04:56:26:788 GMT+0300 (RTZ 2 (зима)) -- Writing response from: writer.21vek.finance:443
Fri Dec 30 2022 04:56:26:789 GMT+0300 (RTZ 2 (зима)) -- Writing response from: writer.21vek.finance:443
Fri Dec 30 2022 04:56:26:790 GMT+0300 (RTZ 2 (зима)) -- Writing response from: writer.21vek.finance:443
Fri Dec 30 2022 04:56:26:793 GMT+0300 (RTZ 2 (зима)) -- Writing response from: writer.21vek.finance:443
Fri Dec 30 2022 04:56:26:794 GMT+0300 (RTZ 2 (зима)) -- Writing response from: writer.21vek.finance:443
Fri Dec 30 2022 04:56:26:795 GMT+0300 (RTZ 2 (зима)) -- Writing response from: writer.21vek.finance:443
Fri Dec 30 2022 04:56:26:796 GMT+0300 (RTZ 2 (зима)) -- Writing response from: writer.21vek.finance:443
Fri Dec 30 2022 04:56:26:797 GMT+0300 (RTZ 2 (зима)) -- Writing response from: writer.21vek.finance:443
Fri Dec 30 2022 04:56:26:798 GMT+0300 (RTZ 2 (зима)) -- Writing response from: writer.21vek.finance:443
Fri Dec 30 2022 04:56:26:798 GMT+0300 (RTZ 2 (зима)) -- Writing response from: writer.21vek.finance:443
Fri Dec 30 2022 04:56:26:799 GMT+0300 (RTZ 2 (зима)) -- Writing response from: writer.21vek.finance:443
Fri Dec 30 2022 04:56:26:800 GMT+0300 (RTZ 2 (зима)) -- Writing response from: writer.21vek.finance:443
Fri Dec 30 2022 04:56:26:801 GMT+0300 (RTZ 2 (зима)) -- Writing response from: writer.21vek.finance:443
Fri Dec 30 2022 04:56:26:802 GMT+0300 (RTZ 2 (зима)) -- Writing response from: writer.21vek.finance:443
Fri Dec 30 2022 04:56:26:807 GMT+0300 (RTZ 2 (зима)) -- Writing response from: writer.21vek.finance:443
Fri Dec 30 2022 04:56:26:808 GMT+0300 (RTZ 2 (зима)) -- Writing response from: writer.21vek.finance:443
Fri Dec 30 2022 04:56:26:815 GMT+0300 (RTZ 2 (зима)) -- Writing response from: writer.21vek.finance:443
Fri Dec 30 2022 04:56:26:816 GMT+0300 (RTZ 2 (зима)) -- Writing response from: writer.21vek.finance:443
Fri Dec 30 2022 04:56:26:820 GMT+0300 (RTZ 2 (зима)) -- Writing response from: writer.21vek.finance:443
Fri Dec 30 2022 04:56:26:821 GMT+0300 (RTZ 2 (зима)) -- Writing response from: writer.21vek.finance:443
Fri Dec 30 2022 04:56:26:824 GMT+0300 (RTZ 2 (зима)) -- Writing response from: writer.21vek.finance:443
Fri Dec 30 2022 04:56:26:825 GMT+0300 (RTZ 2 (зима)) -- Writing response from: writer.21vek.finance:443
Fri Dec 30 2022 04:56:26:829 GMT+0300 (RTZ 2 (зима)) -- Writing response from: writer.21vek.finance:443
Fri Dec 30 2022 04:56:26:829 GMT+0300 (RTZ 2 (зима)) -- Writing response from: writer.21vek.finance:443
Fri Dec 30 2022 04:56:26:831 GMT+0300 (RTZ 2 (зима)) -- Writing response from: writer.21vek.finance:443
Fri Dec 30 2022 04:56:26:831 GMT+0300 (RTZ 2 (зима)) -- Writing response from: writer.21vek.finance:443
Fri Dec 30 2022 04:56:26:832 GMT+0300 (RTZ 2 (зима)) -- Writing response from: writer.21vek.finance:443
Fri Dec 30 2022 04:56:26:834 GMT+0300 (RTZ 2 (зима)) -- Writing response from: writer.21vek.finance:443
Fri Dec 30 2022 04:56:26:837 GMT+0300 (RTZ 2 (зима)) -- Writing response from: writer.21vek.finance:443
Fri Dec 30 2022 04:56:26:838 GMT+0300 (RTZ 2 (зима)) -- Writing response from: writer.21vek.finance:443
Fri Dec 30 2022 04:56:26:839 GMT+0300 (RTZ 2 (зима)) -- Writing response from: writer.21vek.finance:443
Fri Dec 30 2022 04:56:26:844 GMT+0300 (RTZ 2 (зима)) -- Writing response from: writer.21vek.finance:443
Fri Dec 30 2022 04:56:26:853 GMT+0300 (RTZ 2 (зима)) -- Writing response from: writer.21vek.finance:443
Fri Dec 30 2022 04:56:26:854 GMT+0300 (RTZ 2 (зима)) -- Writing response from: writer.21vek.finance:443
Fri Dec 30 2022 04:56:26:858 GMT+0300 (RTZ 2 (зима)) -- Writing response from: writer.21vek.finance:443
Fri Dec 30 2022 04:56:26:859 GMT+0300 (RTZ 2 (зима)) -- Writing response from: writer.21vek.finance:443
Fri Dec 30 2022 04:56:26:862 GMT+0300 (RTZ 2 (зима)) -- Writing response from: writer.21vek.finance:443
Fri Dec 30 2022 04:56:26:863 GMT+0300 (RTZ 2 (зима)) -- Writing response from: writer.21vek.finance:443
Fri Dec 30 2022 04:56:26:867 GMT+0300 (RTZ 2 (зима)) -- Writing response from: writer.21vek.finance:443
Fri Dec 30 2022 04:56:26:868 GMT+0300 (RTZ 2 (зима)) -- Writing response from: writer.21vek.finance:443
Fri Dec 30 2022 04:56:26:869 GMT+0300 (RTZ 2 (зима)) -- Writing response from: writer.21vek.finance:443
Fri Dec 30 2022 04:56:26:870 GMT+0300 (RTZ 2 (зима)) -- Writing response from: writer.21vek.finance:443
Fri Dec 30 2022 04:56:26:874 GMT+0300 (RTZ 2 (зима)) -- Writing response from: writer.21vek.finance:443
Fri Dec 30 2022 04:56:26:875 GMT+0300 (RTZ 2 (зима)) -- Writing response from: writer.21vek.finance:443
Fri Dec 30 2022 04:56:26:879 GMT+0300 (RTZ 2 (зима)) -- Writing response from: writer.21vek.finance:443
Fri Dec 30 2022 04:56:26:883 GMT+0300 (RTZ 2 (зима)) -- Writing response from: writer.21vek.finance:443
Fri Dec 30 2022 04:56:26:887 GMT+0300 (RTZ 2 (зима)) -- Writing response from: writer.21vek.finance:443
Fri Dec 30 2022 04:56:26:888 GMT+0300 (RTZ 2 (зима)) -- Writing response from: writer.21vek.finance:443
Fri Dec 30 2022 04:56:26:893 GMT+0300 (RTZ 2 (зима)) -- Writing response from: writer.21vek.finance:443
Fri Dec 30 2022 04:56:26:898 GMT+0300 (RTZ 2 (зима)) -- Writing response from: writer.21vek.finance:443
Fri Dec 30 2022 04:56:26:901 GMT+0300 (RTZ 2 (зима)) -- Writing response from: writer.21vek.finance:443
Fri Dec 30 2022 04:56:26:902 GMT+0300 (RTZ 2 (зима)) -- Writing response from: writer.21vek.finance:443
Fri Dec 30 2022 04:56:26:903 GMT+0300 (RTZ 2 (зима)) -- Writing response from: writer.21vek.finance:443
Fri Dec 30 2022 04:56:26:908 GMT+0300 (RTZ 2 (зима)) -- Writing response from: writer.21vek.finance:443
Fri Dec 30 2022 04:56:26:909 GMT+0300 (RTZ 2 (зима)) -- Writing response from: writer.21vek.finance:443
Fri Dec 30 2022 04:56:26:914 GMT+0300 (RTZ 2 (зима)) -- Writing response from: writer.21vek.finance:443
Fri Dec 30 2022 04:56:26:915 GMT+0300 (RTZ 2 (зима)) -- Writing response from: writer.21vek.finance:443
Fri Dec 30 2022 04:56:26:917 GMT+0300 (RTZ 2 (зима)) -- Writing response from: writer.21vek.finance:443
Fri Dec 30 2022 04:56:26:922 GMT+0300 (RTZ 2 (зима)) -- Writing response from: writer.21vek.finance:443
Fri Dec 30 2022 04:56:26:924 GMT+0300 (RTZ 2 (зима)) -- Writing response from: writer.21vek.finance:443
Fri Dec 30 2022 04:56:26:925 GMT+0300 (RTZ 2 (зима)) -- Writing response from: writer.21vek.finance:443
Fri Dec 30 2022 04:56:26:926 GMT+0300 (RTZ 2 (зима)) -- Writing response from: writer.21vek.finance:443
Fri Dec 30 2022 04:56:26:927 GMT+0300 (RTZ 2 (зима)) -- Writing response from: writer.21vek.finance:443
Fri Dec 30 2022 04:56:26:928 GMT+0300 (RTZ 2 (зима)) -- Writing response from: writer.21vek.finance:443
Fri Dec 30 2022 04:56:26:934 GMT+0300 (RTZ 2 (зима)) -- Writing response from: writer.21vek.finance:443
Fri Dec 30 2022 04:56:26:935 GMT+0300 (RTZ 2 (зима)) -- Writing response from: writer.21vek.finance:443
Fri Dec 30 2022 04:56:26:935 GMT+0300 (RTZ 2 (зима)) -- Writing response from: writer.21vek.finance:443
Fri Dec 30 2022 04:56:26:936 GMT+0300 (RTZ 2 (зима)) -- Writing response from: writer.21vek.finance:443
Fri Dec 30 2022 04:56:26:937 GMT+0300 (RTZ 2 (зима)) -- Writing response from: writer.21vek.finance:443
Fri Dec 30 2022 04:56:26:940 GMT+0300 (RTZ 2 (зима)) -- Writing response from: writer.21vek.finance:443
Fri Dec 30 2022 04:56:26:941 GMT+0300 (RTZ 2 (зима)) -- Writing response from: writer.21vek.finance:443
Fri Dec 30 2022 04:56:26:944 GMT+0300 (RTZ 2 (зима)) -- Writing response from: writer.21vek.finance:443
Fri Dec 30 2022 04:56:26:946 GMT+0300 (RTZ 2 (зима)) -- Writing response from: writer.21vek.finance:443
Fri Dec 30 2022 04:56:26:948 GMT+0300 (RTZ 2 (зима)) -- Writing response from: writer.21vek.finance:443
Fri Dec 30 2022 04:56:26:950 GMT+0300 (RTZ 2 (зима)) -- Writing response from: writer.21vek.finance:443
Fri Dec 30 2022 04:56:26:956 GMT+0300 (RTZ 2 (зима)) -- Writing response from: writer.21vek.finance:443
Fri Dec 30 2022 04:56:26:957 GMT+0300 (RTZ 2 (зима)) -- Writing response from: writer.21vek.finance:443
Fri Dec 30 2022 04:56:26:966 GMT+0300 (RTZ 2 (зима)) -- Writing response from: writer.21vek.finance:443
Fri Dec 30 2022 04:56:26:967 GMT+0300 (RTZ 2 (зима)) -- Writing response from: writer.21vek.finance:443
Fri Dec 30 2022 04:56:26:971 GMT+0300 (RTZ 2 (зима)) -- Writing response from: writer.21vek.finance:443
Fri Dec 30 2022 04:56:26:973 GMT+0300 (RTZ 2 (зима)) -- Writing response from: writer.21vek.finance:443
Fri Dec 30 2022 04:56:26:975 GMT+0300 (RTZ 2 (зима)) -- Writing response from: writer.21vek.finance:443
Fri Dec 30 2022 04:56:26:976 GMT+0300 (RTZ 2 (зима)) -- Writing response from: writer.21vek.finance:443
Fri Dec 30 2022 04:56:26:977 GMT+0300 (RTZ 2 (зима)) -- Writing response from: writer.21vek.finance:443
Fri Dec 30 2022 04:56:26:980 GMT+0300 (RTZ 2 (зима)) -- Writing response from: writer.21vek.finance:443
Fri Dec 30 2022 04:56:26:985 GMT+0300 (RTZ 2 (зима)) -- Writing response from: writer.21vek.finance:443
Fri Dec 30 2022 04:56:26:985 GMT+0300 (RTZ 2 (зима)) -- Writing response from: writer.21vek.finance:443
Fri Dec 30 2022 04:56:26:986 GMT+0300 (RTZ 2 (зима)) -- Writing response from: writer.21vek.finance:443
Fri Dec 30 2022 04:56:26:990 GMT+0300 (RTZ 2 (зима)) -- Writing response from: writer.21vek.finance:443
Fri Dec 30 2022 04:56:26:991 GMT+0300 (RTZ 2 (зима)) -- Writing response from: writer.21vek.finance:443
Fri Dec 30 2022 04:56:26:995 GMT+0300 (RTZ 2 (зима)) -- Writing response from: writer.21vek.finance:443
Fri Dec 30 2022 04:56:26:996 GMT+0300 (RTZ 2 (зима)) -- Writing response from: writer.21vek.finance:443
Fri Dec 30 2022 04:56:26:996 GMT+0300 (RTZ 2 (зима)) -- Writing response from: writer.21vek.finance:443
Fri Dec 30 2022 04:56:26:998 GMT+0300 (RTZ 2 (зима)) -- Writing response from: writer.21vek.finance:443
Fri Dec 30 2022 04:56:27:4 GMT+0300 (RTZ 2 (зима)) -- Writing response from: writer.21vek.finance:443
Fri Dec 30 2022 04:56:27:5 GMT+0300 (RTZ 2 (зима)) -- Writing response from: writer.21vek.finance:443
Fri Dec 30 2022 04:56:27:7 GMT+0300 (RTZ 2 (зима)) -- Writing response from: writer.21vek.finance:443
Fri Dec 30 2022 04:56:27:14 GMT+0300 (RTZ 2 (зима)) -- Writing response from: writer.21vek.finance:443
Fri Dec 30 2022 04:56:27:16 GMT+0300 (RTZ 2 (зима)) -- Writing response from: writer.21vek.finance:443
Fri Dec 30 2022 04:56:27:18 GMT+0300 (RTZ 2 (зима)) -- Writing response from: writer.21vek.finance:443
Fri Dec 30 2022 04:56:27:19 GMT+0300 (RTZ 2 (зима)) -- Writing response from: writer.21vek.finance:443
Fri Dec 30 2022 04:56:27:24 GMT+0300 (RTZ 2 (зима)) -- Writing response from: writer.21vek.finance:443
Fri Dec 30 2022 04:56:27:26 GMT+0300 (RTZ 2 (зима)) -- Writing response from: writer.21vek.finance:443
Fri Dec 30 2022 04:56:27:32 GMT+0300 (RTZ 2 (зима)) -- Writing response from: writer.21vek.finance:443
Fri Dec 30 2022 04:56:27:40 GMT+0300 (RTZ 2 (зима)) -- Writing response from: writer.21vek.finance:443
Fri Dec 30 2022 04:56:27:42 GMT+0300 (RTZ 2 (зима)) -- Writing response from: writer.21vek.finance:443
Fri Dec 30 2022 04:56:27:48 GMT+0300 (RTZ 2 (зима)) -- Writing response from: writer.21vek.finance:443
Fri Dec 30 2022 04:56:27:49 GMT+0300 (RTZ 2 (зима)) -- Writing response from: writer.21vek.finance:443
Fri Dec 30 2022 04:56:27:50 GMT+0300 (RTZ 2 (зима)) -- Writing response from: writer.21vek.finance:443
Fri Dec 30 2022 04:56:27:55 GMT+0300 (RTZ 2 (зима)) -- Writing response from: writer.21vek.finance:443
Fri Dec 30 2022 04:56:27:57 GMT+0300 (RTZ 2 (зима)) -- Writing response from: writer.21vek.finance:443
Fri Dec 30 2022 04:56:27:61 GMT+0300 (RTZ 2 (зима)) -- Writing response from: writer.21vek.finance:443
Fri Dec 30 2022 04:56:27:65 GMT+0300 (RTZ 2 (зима)) -- Writing response from: writer.21vek.finance:443
Fri Dec 30 2022 04:56:27:67 GMT+0300 (RTZ 2 (зима)) -- Writing response from: writer.21vek.finance:443
Fri Dec 30 2022 04:56:27:68 GMT+0300 (RTZ 2 (зима)) -- Writing response from: writer.21vek.finance:443
Fri Dec 30 2022 04:56:27:74 GMT+0300 (RTZ 2 (зима)) -- Writing response from: writer.21vek.finance:443
Fri Dec 30 2022 04:56:27:76 GMT+0300 (RTZ 2 (зима)) -- Writing response from: writer.21vek.finance:443
Fri Dec 30 2022 04:56:27:80 GMT+0300 (RTZ 2 (зима)) -- Writing response from: writer.21vek.finance:443
Fri Dec 30 2022 04:56:27:84 GMT+0300 (RTZ 2 (зима)) -- Writing response from: writer.21vek.finance:443
Fri Dec 30 2022 04:56:27:86 GMT+0300 (RTZ 2 (зима)) -- Writing response from: writer.21vek.finance:443
Fri Dec 30 2022 04:56:27:87 GMT+0300 (RTZ 2 (зима)) -- Writing response from: writer.21vek.finance:443
Fri Dec 30 2022 04:56:27:96 GMT+0300 (RTZ 2 (зима)) -- Writing response from: writer.21vek.finance:443
Fri Dec 30 2022 04:56:27:97 GMT+0300 (RTZ 2 (зима)) -- Writing response from: writer.21vek.finance:443
Fri Dec 30 2022 04:56:27:402 GMT+0300 (RTZ 2 (зима)) -- Writing response from: writer.21vek.finance:443

Fri Dec 30 2022 04:59:43:259 GMT+0300 (RTZ 2 (зима)) -- Binary semantic version is v8.8.4
Fri Dec 30 2022 04:59:43:260 GMT+0300 (RTZ 2 (зима)) -- Setting output as extra verbose with request parsing
Fri Dec 30 2022 04:59:43:840 GMT+0300 (RTZ 2 (зима)) -- [WARNING] Skipping initialisation of configuration console because: port already in use by another Binary
Fri Dec 30 2022 04:59:44:771 GMT+0300 (RTZ 2 (зима)) -- [SUCCESS] You can now access your local server(s) in our remote browser

Fri Dec 30 2022 04:59:44:920 GMT+0300 (RTZ 2 (зима)) -- Connecting to BrowserStack using WebSocket protocol...
Fri Dec 30 2022 04:59:44:920 GMT+0300 (RTZ 2 (зима)) -- Platform supports WebSocket connections.

Fri Dec 30 2022 04:59:45:31 GMT+0300 (RTZ 2 (зима)) -- Press Ctrl-C to exit



Fri Dec 30 2022 05:09:54:53 GMT+0300 (RTZ 2 (зима)) -- Binary semantic version is v8.8.4
Fri Dec 30 2022 05:09:54:53 GMT+0300 (RTZ 2 (зима)) -- Setting output as extra verbose with request parsing
Fri Dec 30 2022 05:09:54:670 GMT+0300 (RTZ 2 (зима)) -- [WARNING] Skipping initialisation of configuration console because: port already in use by another Binary
Fri Dec 30 2022 05:09:56:174 GMT+0300 (RTZ 2 (зима)) -- [SUCCESS] You can now access your local server(s) in our remote browser

Fri Dec 30 2022 05:09:56:323 GMT+0300 (RTZ 2 (зима)) -- Connecting to BrowserStack using WebSocket protocol...
Fri Dec 30 2022 05:09:56:323 GMT+0300 (RTZ 2 (зима)) -- Platform supports WebSocket connections.

Fri Dec 30 2022 05:09:56:423 GMT+0300 (RTZ 2 (зима)) -- Press Ctrl-C to exit



Fri Dec 30 2022 05:11:25:70 GMT+0300 (RTZ 2 (зима)) -- Binary semantic version is v8.8.4
Fri Dec 30 2022 05:11:25:71 GMT+0300 (RTZ 2 (зима)) -- Setting output as extra verbose with request parsing
Fri Dec 30 2022 05:11:25:773 GMT+0300 (RTZ 2 (зима)) -- [WARNING] Skipping initialisation of configuration console because: port already in use by another Binary
Fri Dec 30 2022 05:11:27:203 GMT+0300 (RTZ 2 (зима)) -- [SUCCESS] You can now access your local server(s) in our remote browser

Fri Dec 30 2022 05:11:27:204 GMT+0300 (RTZ 2 (зима)) -- Connecting to BrowserStack using WebSocket protocol...
Fri Dec 30 2022 05:11:27:204 GMT+0300 (RTZ 2 (зима)) -- Platform supports WebSocket connections.

Fri Dec 30 2022 05:11:27:311 GMT+0300 (RTZ 2 (зима)) -- Press Ctrl-C to exit



Fri Dec 30 2022 05:32:10:874 GMT+0300 (RTZ 2 (зима)) -- Binary semantic version is v8.8.4
Fri Dec 30 2022 05:32:10:874 GMT+0300 (RTZ 2 (зима)) -- Setting output as extra verbose with request parsing
Fri Dec 30 2022 05:32:11:463 GMT+0300 (RTZ 2 (зима)) -- [WARNING] Skipping initialisation of configuration console because: port already in use by another Binary
Fri Dec 30 2022 05:32:12:467 GMT+0300 (RTZ 2 (зима)) -- [SUCCESS] You can now access your local server(s) in our remote browser

Fri Dec 30 2022 05:32:12:762 GMT+0300 (RTZ 2 (зима)) -- Connecting to BrowserStack using WebSocket protocol...
Fri Dec 30 2022 05:32:12:762 GMT+0300 (RTZ 2 (зима)) -- Platform supports WebSocket connections.

Fri Dec 30 2022 05:32:12:865 GMT+0300 (RTZ 2 (зима)) -- Press Ctrl-C to exit



Fri Dec 30 2022 05:38:05:379 GMT+0300 (RTZ 2 (зима)) -- Binary semantic version is v8.8.4
Fri Dec 30 2022 05:38:05:380 GMT+0300 (RTZ 2 (зима)) -- Setting output as extra verbose with request parsing
Fri Dec 30 2022 05:38:05:970 GMT+0300 (RTZ 2 (зима)) -- [WARNING] Skipping initialisation of configuration console because: port already in use by another Binary
Fri Dec 30 2022 05:38:06:974 GMT+0300 (RTZ 2 (зима)) -- [SUCCESS] You can now access your local server(s) in our remote browser

Fri Dec 30 2022 05:38:07:218 GMT+0300 (RTZ 2 (зима)) -- Connecting to BrowserStack using WebSocket protocol...
Fri Dec 30 2022 05:38:07:218 GMT+0300 (RTZ 2 (зима)) -- Platform supports WebSocket connections.

Fri Dec 30 2022 05:38:07:319 GMT+0300 (RTZ 2 (зима)) -- Press Ctrl-C to exit



Fri Dec 30 2022 05:42:17:766 GMT+0300 (RTZ 2 (зима)) -- Binary semantic version is v8.8.4
Fri Dec 30 2022 05:42:17:766 GMT+0300 (RTZ 2 (зима)) -- Setting output as extra verbose with request parsing
Fri Dec 30 2022 05:42:18:310 GMT+0300 (RTZ 2 (зима)) -- [WARNING] Skipping initialisation of configuration console because: port already in use by another Binary
Fri Dec 30 2022 05:42:19:492 GMT+0300 (RTZ 2 (зима)) -- [SUCCESS] You can now access your local server(s) in our remote browser

Fri Dec 30 2022 05:42:19:497 GMT+0300 (RTZ 2 (зима)) -- Connecting to BrowserStack using WebSocket protocol...
Fri Dec 30 2022 05:42:19:497 GMT+0300 (RTZ 2 (зима)) -- Platform supports WebSocket connections.

Fri Dec 30 2022 05:42:19:610 GMT+0300 (RTZ 2 (зима)) -- Press Ctrl-C to exit



Fri Dec 30 2022 05:44:38:429 GMT+0300 (RTZ 2 (зима)) -- Binary semantic version is v8.8.4
Fri Dec 30 2022 05:44:38:429 GMT+0300 (RTZ 2 (зима)) -- Setting output as extra verbose with request parsing
Fri Dec 30 2022 05:44:39:667 GMT+0300 (RTZ 2 (зима)) -- [WARNING] Skipping initialisation of configuration console because: port already in use by another Binary
Fri Dec 30 2022 05:44:41:636 GMT+0300 (RTZ 2 (зима)) -- [SUCCESS] You can now access your local server(s) in our remote browser

Fri Dec 30 2022 05:44:41:865 GMT+0300 (RTZ 2 (зима)) -- Connecting to BrowserStack using WebSocket protocol...
Fri Dec 30 2022 05:44:41:866 GMT+0300 (RTZ 2 (зима)) -- Platform supports WebSocket connections.

Fri Dec 30 2022 05:44:41:975 GMT+0300 (RTZ 2 (зима)) -- Press Ctrl-C to exit



Fri Dec 30 2022 05:48:45:129 GMT+0300 (RTZ 2 (зима)) -- Binary semantic version is v8.8.4
Fri Dec 30 2022 05:48:45:130 GMT+0300 (RTZ 2 (зима)) -- Setting output as extra verbose with request parsing
Fri Dec 30 2022 05:48:45:744 GMT+0300 (RTZ 2 (зима)) -- [WARNING] Skipping initialisation of configuration console because: port already in use by another Binary
Fri Dec 30 2022 05:48:46:636 GMT+0300 (RTZ 2 (зима)) -- [SUCCESS] You can now access your local server(s) in our remote browser

Fri Dec 30 2022 05:48:46:637 GMT+0300 (RTZ 2 (зима)) -- Connecting to BrowserStack using WebSocket protocol...
Fri Dec 30 2022 05:48:46:637 GMT+0300 (RTZ 2 (зима)) -- Platform supports WebSocket connections.

Fri Dec 30 2022 05:48:46:751 GMT+0300 (RTZ 2 (зима)) -- Press Ctrl-C to exit


